<?xml version="1.0" encoding="UTF-8"?>
<testng-results skipped="0" failed="0" ignored="0" total="1" passed="1">
  <reporter-output>
  </reporter-output>
  <suite name="Default suite" duration-ms="49" started-at="2019-03-09T04:11:55Z" finished-at="2019-03-09T04:11:55Z">
    <groups>
    </groups>
    <test name="Default test" duration-ms="49" started-at="2019-03-09T04:11:55Z" finished-at="2019-03-09T04:11:55Z">
      <class name="com.maurya.sample.TestNG">
        <test-method status="PASS" signature="returnName()[pri:0, instance:com.maurya.sample.TestNG@d2cc05a]" name="returnName" duration-ms="14" started-at="2019-03-09T04:11:55Z" finished-at="2019-03-09T04:11:55Z">
          <reporter-output>
          </reporter-output>
        </test-method> <!-- returnName -->
      </class> <!-- com.maurya.sample.TestNG -->
    </test> <!-- Default test -->
  </suite> <!-- Default suite -->
</testng-results>
